#
# There is insufficient memory for the Java Runtime Environment to continue.
# Native memory allocation (malloc) failed to allocate 2097152 bytes. Error detail: AllocateHeap
# Possible reasons:
#   The system is out of physical RAM or swap space
#   This process is running with CompressedOops enabled, and the Java Heap may be blocking the growth of the native heap
# Possible solutions:
#   Reduce memory load on the system
#   Increase physical memory or swap space
#   Check if swap backing store is full
#   Decrease Java heap size (-Xmx/-Xms)
#   Decrease number of Java threads
#   Decrease Java thread stack sizes (-Xss)
#   Set larger code cache with -XX:ReservedCodeCacheSize=
#   JVM is running with Unscaled Compressed Oops mode in which the Java heap is
#     placed in the first 4GB address space. The Java Heap base address is the
#     maximum limit for the native heap growth. Please use -XX:HeapBaseMinAddress
#     to set the Java Heap base and to place the Java Heap above 4GB virtual address.
# This output file may be truncated or incomplete.
#
#  Out of Memory Error (allocation.cpp:44), pid=16608, tid=29176
#
# JRE version: OpenJDK Runtime Environment Temurin-17.0.12+7 (17.0.12+7) (build 17.0.12+7)
# Java VM: OpenJDK 64-Bit Server VM Temurin-17.0.12+7 (17.0.12+7, mixed mode, emulated-client, tiered, compressed oops, compressed class ptrs, g1 gc, windows-amd64)
# No core dump will be written. Minidumps are not enabled by default on client versions of Windows
#

---------------  S U M M A R Y ------------

Command Line: -Xmx1024m -Dsts.lsp.client=vscode -Dsts.log.file=/dev/null -XX:TieredStopAtLevel=1 -Xlog:jni+resolve=off -Dspring.config.location=file:c:\Users\a\.vscode\extensions\vmware.vscode-spring-boot-1.56.0\language-server\BOOT-INF\classes\application.properties org.springframework.ide.vscode.boot.app.BootLanguageServerBootApp

Host: 13th Gen Intel(R) Core(TM) i7-13700, 24 cores, 15G,  Windows 11 , 64 bit Build 22621 (10.0.22621.3958)
Time: Thu Sep  5 03:45:43 2024  Windows 11 , 64 bit Build 22621 (10.0.22621.3958) elapsed time: 66476.496798 seconds (0d 18h 27m 56s)

---------------  T H R E A D  ---------------

Current thread (0x0000022b16d1fcf0):  VMThread "VM Thread" [stack: 0x0000005b72e00000,0x0000005b72f00000] [id=29176]

Stack: [0x0000005b72e00000,0x0000005b72f00000]
Native frames: (J=compiled Java code, j=interpreted, Vv=VM code, C=native code)
V  [jvm.dll+0x67f929]
V  [jvm.dll+0x8371ba]
V  [jvm.dll+0x838c7e]
V  [jvm.dll+0x8392e3]
V  [jvm.dll+0x24834f]
V  [jvm.dll+0xa70d3]
V  [jvm.dll+0x2f9101]
V  [jvm.dll+0x2f4d00]
V  [jvm.dll+0x2dd82f]
V  [jvm.dll+0x3201f7]
V  [jvm.dll+0x83d7dd]
V  [jvm.dll+0x83e522]
V  [jvm.dll+0x83ea4f]
V  [jvm.dll+0x83ee34]
V  [jvm.dll+0x83ef00]
V  [jvm.dll+0x7e65dc]
V  [jvm.dll+0x67e7f7]
C  [ucrtbase.dll+0x29333]
C  [KERNEL32.DLL+0x1257d]
C  [ntdll.dll+0x5af28]

VM_Operation (0x0000005b758fed30): G1CollectFull, mode: safepoint, requested by thread 0x0000022b1cf2e540


---------------  P R O C E S S  ---------------

Threads class SMR info:
_java_thread_list=0x0000022b1c0155d0, length=30, elements={
0x0000022b16d25fc0, 0x0000022b16d274f0, 0x0000022b16ee4270, 0x0000022b16f073f0,
0x0000022b16f07cc0, 0x0000022b16f24020, 0x0000022b16f248f0, 0x0000022b16f25db0,
0x0000022b1712fcb0, 0x0000022b17137130, 0x0000022b1cf26ee0, 0x0000022b1cf2e540,
0x0000022b1cf51ac0, 0x0000022b0aa42e90, 0x0000022b1cf106f0, 0x0000022b1ceb9070,
0x0000022b1ceaa4d0, 0x0000022b1ceacd50, 0x0000022b1ceac840, 0x0000022b1ceab400,
0x0000022b1cea95a0, 0x0000022b1ceabe20, 0x0000022b1ceaaef0, 0x0000022b1ceaa9e0,
0x0000022b1dbe3290, 0x0000022b1dbe0f20, 0x0000022b1dbe2d80, 0x0000022b1dbe5600,
0x0000022b1dbe1940, 0x0000022b1dbe0a10
}

Java Threads: ( => current thread )
  0x0000022b16d25fc0 JavaThread "Reference Handler" daemon [_thread_blocked, id=27792, stack(0x0000005b72f00000,0x0000005b73000000)]
  0x0000022b16d274f0 JavaThread "Finalizer" daemon [_thread_blocked, id=31740, stack(0x0000005b73000000,0x0000005b73100000)]
  0x0000022b16ee4270 JavaThread "Signal Dispatcher" daemon [_thread_blocked, id=18976, stack(0x0000005b73100000,0x0000005b73200000)]
  0x0000022b16f073f0 JavaThread "Attach Listener" daemon [_thread_blocked, id=34572, stack(0x0000005b73200000,0x0000005b73300000)]
  0x0000022b16f07cc0 JavaThread "Service Thread" daemon [_thread_blocked, id=26824, stack(0x0000005b73300000,0x0000005b73400000)]
  0x0000022b16f24020 JavaThread "Monitor Deflation Thread" daemon [_thread_blocked, id=27720, stack(0x0000005b73400000,0x0000005b73500000)]
  0x0000022b16f248f0 JavaThread "C1 CompilerThread0" daemon [_thread_blocked, id=17412, stack(0x0000005b73500000,0x0000005b73600000)]
  0x0000022b16f25db0 JavaThread "Sweeper thread" daemon [_thread_blocked, id=14552, stack(0x0000005b73600000,0x0000005b73700000)]
  0x0000022b1712fcb0 JavaThread "Notification Thread" daemon [_thread_blocked, id=35096, stack(0x0000005b73a00000,0x0000005b73b00000)]
  0x0000022b17137130 JavaThread "Common-Cleaner" daemon [_thread_blocked, id=36336, stack(0x0000005b73c00000,0x0000005b73d00000)]
  0x0000022b1cf26ee0 JavaThread "boundedElastic-evictor-1" daemon [_thread_blocked, id=11104, stack(0x0000005b75700000,0x0000005b75800000)]
  0x0000022b1cf2e540 JavaThread "pool-13-thread-1" [_thread_blocked, id=21364, stack(0x0000005b75800000,0x0000005b75900000)]
  0x0000022b1cf51ac0 JavaThread "LanguageServerApp-lifecycle" [_thread_blocked, id=13176, stack(0x0000005b75900000,0x0000005b75a00000)]
  0x0000022b0aa42e90 JavaThread "DestroyJavaVM" [_thread_blocked, id=37436, stack(0x0000005b72800000,0x0000005b72900000)]
  0x0000022b1cf106f0 JavaThread "pool-14-thread-1" [_thread_in_native, id=22824, stack(0x0000005b75a00000,0x0000005b75b00000)]
  0x0000022b1ceb9070 JavaThread "Simple-Language-Server main thread" daemon [_thread_blocked, id=27684, stack(0x0000005b75b00000,0x0000005b75c00000)]
  0x0000022b1ceaa4d0 JavaThread "parallel-1" daemon [_thread_blocked, id=31620, stack(0x0000005b75e00000,0x0000005b75f00000)]
  0x0000022b1ceacd50 JavaThread "pool-6-thread-1" [_thread_blocked, id=10872, stack(0x0000005b75f00000,0x0000005b76000000)]
  0x0000022b1ceac840 JavaThread "parallel-2" daemon [_thread_blocked, id=21344, stack(0x0000005b76000000,0x0000005b76100000)]
  0x0000022b1ceab400 JavaThread "parallel-3" daemon [_thread_blocked, id=29576, stack(0x0000005b73700000,0x0000005b73800000)]
  0x0000022b1cea95a0 JavaThread "Reconciler-1" daemon [_thread_blocked, id=36692, stack(0x0000005b74400000,0x0000005b74500000)]
  0x0000022b1ceabe20 JavaThread "pool-8-thread-1" [_thread_blocked, id=2452, stack(0x0000005b72600000,0x0000005b72700000)]
  0x0000022b1ceaaef0 JavaThread "parallel-4" daemon [_thread_blocked, id=38284, stack(0x0000005b72700000,0x0000005b72800000)]
  0x0000022b1ceaa9e0 JavaThread "parallel-5" daemon [_thread_blocked, id=16404, stack(0x0000005b72500000,0x0000005b72600000)]
  0x0000022b1dbe3290 JavaThread "parallel-6" daemon [_thread_blocked, id=25916, stack(0x0000005b74500000,0x0000005b74600000)]
  0x0000022b1dbe0f20 JavaThread "parallel-7" daemon [_thread_blocked, id=25016, stack(0x0000005b75300000,0x0000005b75400000)]
  0x0000022b1dbe2d80 JavaThread "parallel-8" daemon [_thread_blocked, id=31444, stack(0x0000005b73900000,0x0000005b73a00000)]
  0x0000022b1dbe5600 JavaThread "parallel-9" daemon [_thread_blocked, id=2128, stack(0x0000005b74600000,0x0000005b74700000)]
  0x0000022b1dbe1940 JavaThread "parallel-10" daemon [_thread_blocked, id=13272, stack(0x0000005b75d00000,0x0000005b75e00000)]
  0x0000022b1dbe0a10 JavaThread "parallel-11" daemon [_thread_blocked, id=29784, stack(0x0000005b73800000,0x0000005b73900000)]

Other Threads:
=>0x0000022b16d1fcf0 VMThread "VM Thread" [stack: 0x0000005b72e00000,0x0000005b72f00000] [id=29176]
  0x0000022b17130190 WatcherThread [stack: 0x0000005b73b00000,0x0000005b73c00000] [id=23028]
  0x0000022b0aa84c80 GCTaskThread "GC Thread#0" [stack: 0x0000005b72900000,0x0000005b72a00000] [id=34568]
  0x0000022b1c196d00 GCTaskThread "GC Thread#1" [stack: 0x0000005b73d00000,0x0000005b73e00000] [id=31468]
  0x0000022b17a85f80 GCTaskThread "GC Thread#2" [stack: 0x0000005b73e00000,0x0000005b73f00000] [id=28176]
  0x0000022b17a86240 GCTaskThread "GC Thread#3" [stack: 0x0000005b73f00000,0x0000005b74000000] [id=10668]
  0x0000022b1c17b430 GCTaskThread "GC Thread#4" [stack: 0x0000005b74000000,0x0000005b74100000] [id=34992]
  0x0000022b1c17b6f0 GCTaskThread "GC Thread#5" [stack: 0x0000005b74100000,0x0000005b74200000] [id=28884]
  0x0000022b1c5c0910 GCTaskThread "GC Thread#6" [stack: 0x0000005b74700000,0x0000005b74800000] [id=500]
  0x0000022b1c612720 GCTaskThread "GC Thread#7" [stack: 0x0000005b74800000,0x0000005b74900000] [id=26552]
  0x0000022b1c5d3be0 GCTaskThread "GC Thread#8" [stack: 0x0000005b74900000,0x0000005b74a00000] [id=32520]
  0x0000022b1c6755a0 GCTaskThread "GC Thread#9" [stack: 0x0000005b74a00000,0x0000005b74b00000] [id=12544]
  0x0000022b1c711a00 GCTaskThread "GC Thread#10" [stack: 0x0000005b74b00000,0x0000005b74c00000] [id=21012]
  0x0000022b1c711cc0 GCTaskThread "GC Thread#11" [stack: 0x0000005b74c00000,0x0000005b74d00000] [id=26728]
  0x0000022b1c6ef230 GCTaskThread "GC Thread#12" [stack: 0x0000005b74200000,0x0000005b74300000] [id=12892]
  0x0000022b1c6efff0 GCTaskThread "GC Thread#13" [stack: 0x0000005b75100000,0x0000005b75200000] [id=32732]
  0x0000022b1c6f02b0 GCTaskThread "GC Thread#14" [stack: 0x0000005b75200000,0x0000005b75300000] [id=24424]
  0x0000022b1c6f0570 GCTaskThread "GC Thread#15" [stack: 0x0000005b75400000,0x0000005b75500000] [id=20624]
  0x0000022b1c6eecb0 GCTaskThread "GC Thread#16" [stack: 0x0000005b75500000,0x0000005b75600000] [id=32540]
  0x0000022b1c6eef70 GCTaskThread "GC Thread#17" [stack: 0x0000005b75600000,0x0000005b75700000] [id=6224]
  0x0000022b0aa8db80 ConcurrentGCThread "G1 Main Marker" [stack: 0x0000005b72a00000,0x0000005b72b00000] [id=7964]
  0x0000022b0aa8e4b0 ConcurrentGCThread "G1 Conc#0" [stack: 0x0000005b72b00000,0x0000005b72c00000] [id=33780]
  0x0000022b1c6ef7b0 ConcurrentGCThread "G1 Conc#1" [stack: 0x0000005b74d00000,0x0000005b74e00000] [id=8184]
  0x0000022b1c6efa70 ConcurrentGCThread "G1 Conc#2" [stack: 0x0000005b74e00000,0x0000005b74f00000] [id=15816]
  0x0000022b1c6f0830 ConcurrentGCThread "G1 Conc#3" [stack: 0x0000005b74f00000,0x0000005b75000000] [id=10012]
  0x0000022b1c6efd30 ConcurrentGCThread "G1 Conc#4" [stack: 0x0000005b75000000,0x0000005b75100000] [id=16320]
  0x0000022b0aaeea40 ConcurrentGCThread "G1 Refine#0" [stack: 0x0000005b72c00000,0x0000005b72d00000] [id=5784]
  0x0000022b16c14130 ConcurrentGCThread "G1 Service" [stack: 0x0000005b72d00000,0x0000005b72e00000] [id=23712]

Threads with active compile tasks:

VM state: at safepoint (normal execution)

VM Mutex/Monitor currently owned by a thread:  ([mutex/lock_event])
[0x0000022b08631d10] Threads_lock - owner thread: 0x0000022b16d1fcf0
[0x0000022b0aa42250] Heap_lock - owner thread: 0x0000022b1cf2e540

Heap address: 0x00000000c0000000, size: 1024 MB, Compressed Oops mode: 32-bit

CDS archive(s) not mapped
Compressed class space mapped at: 0x0000000100000000-0x0000000140000000, reserved size: 1073741824
Narrow klass base: 0x0000000000000000, Narrow klass shift: 3, Narrow klass range: 0x140000000

GC Precious Log:
 CPUs: 24 total, 24 available
 Memory: 16068M
 Large Page Support: Disabled
 NUMA Support: Disabled
 Compressed Oops: Enabled (32-bit)
 Heap Region Size: 1M
 Heap Min Capacity: 8M
 Heap Initial Capacity: 252M
 Heap Max Capacity: 1G
 Pre-touch: Disabled
 Parallel Workers: 18
 Concurrent Workers: 5
 Concurrent Refinement Workers: 18
 Periodic GC: Disabled

Heap:
 garbage-first heap   total 78848K, used 38299K [0x00000000c0000000, 0x0000000100000000)
  region size 1024K, 1 young (1024K), 0 survivors (0K)
 Metaspace       used 63130K, committed 63552K, reserved 1114112K
  class space    used 7735K, committed 7936K, reserved 1048576K

Heap Regions: E=young(eden), S=young(survivor), O=old, HS=humongous(starts), HC=humongous(continues), CS=collection set, F=free, OA=open archive, CA=closed archive, TAMS=top-at-mark-start (previous, next)
|   0|0x00000000c0000000, 0x00000000c0100000, 0x00000000c0100000|100%|HS|  |TAMS 0x00000000c0100000, 0x00000000c0000000| Untracked 
|   1|0x00000000c0100000, 0x00000000c0200000, 0x00000000c0200000|100%|HC|  |TAMS 0x00000000c0200000, 0x00000000c0100000| Untracked 
|   2|0x00000000c0200000, 0x00000000c0300000, 0x00000000c0300000|100%|HC|  |TAMS 0x00000000c0300000, 0x00000000c0200000| Untracked 
|   3|0x00000000c0300000, 0x00000000c0400000, 0x00000000c0400000|100%|HC|  |TAMS 0x00000000c0400000, 0x00000000c0300000| Untracked 
|   4|0x00000000c0400000, 0x00000000c0500000, 0x00000000c0500000|100%|HS|  |TAMS 0x00000000c0500000, 0x00000000c0400000| Untracked 
|   5|0x00000000c0500000, 0x00000000c0600000, 0x00000000c0600000|100%|HC|  |TAMS 0x00000000c0600000, 0x00000000c0500000| Untracked 
|   6|0x00000000c0600000, 0x00000000c06fffe0, 0x00000000c0700000| 99%| O|  |TAMS 0x00000000c06fffe0, 0x00000000c0600000| Untracked 
|   7|0x00000000c0700000, 0x00000000c07ffff8, 0x00000000c0800000| 99%| O|  |TAMS 0x00000000c07ffff8, 0x00000000c0700000| Untracked 
|   8|0x00000000c0800000, 0x00000000c0900000, 0x00000000c0900000|100%| O|  |TAMS 0x00000000c0900000, 0x00000000c0800000| Untracked 
|   9|0x00000000c0900000, 0x00000000c0a00000, 0x00000000c0a00000|100%| O|  |TAMS 0x00000000c0a00000, 0x00000000c0900000| Untracked 
|  10|0x00000000c0a00000, 0x00000000c0af6c58, 0x00000000c0b00000| 96%| O|  |TAMS 0x00000000c0af6c58, 0x00000000c0a00000| Untracked 
|  11|0x00000000c0b00000, 0x00000000c0c00000, 0x00000000c0c00000|100%| O|  |TAMS 0x00000000c0c00000, 0x00000000c0b00000| Untracked 
|  12|0x00000000c0c00000, 0x00000000c0cffff0, 0x00000000c0d00000| 99%| O|  |TAMS 0x00000000c0cffff0, 0x00000000c0c00000| Untracked 
|  13|0x00000000c0d00000, 0x00000000c0dffff0, 0x00000000c0e00000| 99%| O|  |TAMS 0x00000000c0dffff0, 0x00000000c0d00000| Untracked 
|  14|0x00000000c0e00000, 0x00000000c0f00000, 0x00000000c0f00000|100%| O|  |TAMS 0x00000000c0f00000, 0x00000000c0e00000| Untracked 
|  15|0x00000000c0f00000, 0x00000000c1000000, 0x00000000c1000000|100%| O|  |TAMS 0x00000000c1000000, 0x00000000c0f00000| Untracked 
|  16|0x00000000c1000000, 0x00000000c10fffe8, 0x00000000c1100000| 99%| O|  |TAMS 0x00000000c10fffe8, 0x00000000c1000000| Untracked 
|  17|0x00000000c1100000, 0x00000000c11fffc8, 0x00000000c1200000| 99%| O|  |TAMS 0x00000000c11fffc8, 0x00000000c1100000| Untracked 
|  18|0x00000000c1200000, 0x00000000c12ffff0, 0x00000000c1300000| 99%| O|  |TAMS 0x00000000c12ffff0, 0x00000000c1200000| Untracked 
|  19|0x00000000c1300000, 0x00000000c13ffff8, 0x00000000c1400000| 99%| O|  |TAMS 0x00000000c13ffff8, 0x00000000c1300000| Untracked 
|  20|0x00000000c1400000, 0x00000000c14fff98, 0x00000000c1500000| 99%| O|  |TAMS 0x00000000c14fff98, 0x00000000c1400000| Untracked 
|  21|0x00000000c1500000, 0x00000000c1600000, 0x00000000c1600000|100%| O|  |TAMS 0x00000000c1600000, 0x00000000c1500000| Untracked 
|  22|0x00000000c1600000, 0x00000000c16ffff0, 0x00000000c1700000| 99%| O|  |TAMS 0x00000000c16ffff0, 0x00000000c1600000| Untracked 
|  23|0x00000000c1700000, 0x00000000c17fc6d8, 0x00000000c1800000| 98%| O|  |TAMS 0x00000000c17fc6d8, 0x00000000c1700000| Untracked 
|  24|0x00000000c1800000, 0x00000000c18f4d90, 0x00000000c1900000| 95%| O|  |TAMS 0x00000000c18f4d90, 0x00000000c1800000| Untracked 
|  25|0x00000000c1900000, 0x00000000c19ffff0, 0x00000000c1a00000| 99%| O|  |TAMS 0x00000000c19ffff0, 0x00000000c1900000| Untracked 
|  26|0x00000000c1a00000, 0x00000000c1affff8, 0x00000000c1b00000| 99%| O|  |TAMS 0x00000000c1affff8, 0x00000000c1a00000| Untracked 
|  27|0x00000000c1b00000, 0x00000000c1bfffd8, 0x00000000c1c00000| 99%| O|  |TAMS 0x00000000c1bfffd8, 0x00000000c1b00000| Untracked 
|  28|0x00000000c1c00000, 0x00000000c1d00000, 0x00000000c1d00000|100%| O|  |TAMS 0x00000000c1d00000, 0x00000000c1c00000| Untracked 
|  29|0x00000000c1d00000, 0x00000000c1dfed50, 0x00000000c1e00000| 99%| O|  |TAMS 0x00000000c1dfed50, 0x00000000c1d00000| Untracked 
|  30|0x00000000c1e00000, 0x00000000c1effff8, 0x00000000c1f00000| 99%| O|  |TAMS 0x00000000c1effff8, 0x00000000c1e00000| Untracked 
|  31|0x00000000c1f00000, 0x00000000c1ffa9e0, 0x00000000c2000000| 97%| O|  |TAMS 0x00000000c1ffa9e0, 0x00000000c1f00000| Untracked 
|  32|0x00000000c2000000, 0x00000000c20ffff0, 0x00000000c2100000| 99%| O|  |TAMS 0x00000000c20ffff0, 0x00000000c2000000| Untracked 
|  33|0x00000000c2100000, 0x00000000c21fffe8, 0x00000000c2200000| 99%| O|  |TAMS 0x00000000c21fffe8, 0x00000000c2100000| Untracked 
|  34|0x00000000c2200000, 0x00000000c2300000, 0x00000000c2300000|100%| O|  |TAMS 0x00000000c2300000, 0x00000000c2200000| Untracked 
|  35|0x00000000c2300000, 0x00000000c23fffd0, 0x00000000c2400000| 99%| O|  |TAMS 0x00000000c23fffd0, 0x00000000c2300000| Untracked 
|  36|0x00000000c2400000, 0x00000000c24ffb68, 0x00000000c2500000| 99%| O|  |TAMS 0x00000000c24ffb68, 0x00000000c2400000| Untracked 
|  37|0x00000000c2500000, 0x00000000c2585898, 0x00000000c2600000| 52%| O|  |TAMS 0x00000000c2500000, 0x00000000c2500000| Untracked 
|  38|0x00000000c2600000, 0x00000000c26004f0, 0x00000000c2700000|  0%| O|  |TAMS 0x00000000c2600000, 0x00000000c2600000| Untracked 
|  39|0x00000000c2700000, 0x00000000c2700000, 0x00000000c2800000|  0%| F|  |TAMS 0x00000000c2700000, 0x00000000c2700000| Untracked 
|  40|0x00000000c2800000, 0x00000000c2800000, 0x00000000c2900000|  0%| F|  |TAMS 0x00000000c2800000, 0x00000000c2800000| Untracked 
|  41|0x00000000c2900000, 0x00000000c2900000, 0x00000000c2a00000|  0%| F|  |TAMS 0x00000000c2900000, 0x00000000c2900000| Untracked 
|  42|0x00000000c2a00000, 0x00000000c2a00000, 0x00000000c2b00000|  0%| F|  |TAMS 0x00000000c2a00000, 0x00000000c2a00000| Untracked 
|  43|0x00000000c2b00000, 0x00000000c2b00000, 0x00000000c2c00000|  0%| F|  |TAMS 0x00000000c2b00000, 0x00000000c2b00000| Untracked 
|  44|0x00000000c2c00000, 0x00000000c2c00000, 0x00000000c2d00000|  0%| F|  |TAMS 0x00000000c2c00000, 0x00000000c2c00000| Untracked 
|  45|0x00000000c2d00000, 0x00000000c2d00000, 0x00000000c2e00000|  0%| F|  |TAMS 0x00000000c2d00000, 0x00000000c2d00000| Untracked 
|  46|0x00000000c2e00000, 0x00000000c2e00000, 0x00000000c2f00000|  0%| F|  |TAMS 0x00000000c2e00000, 0x00000000c2e00000| Untracked 
|  47|0x00000000c2f00000, 0x00000000c2f00000, 0x00000000c3000000|  0%| F|  |TAMS 0x00000000c2f00000, 0x00000000c2f00000| Untracked 
|  48|0x00000000c3000000, 0x00000000c3000000, 0x00000000c3100000|  0%| F|  |TAMS 0x00000000c3000000, 0x00000000c3000000| Untracked 
|  49|0x00000000c3100000, 0x00000000c3100000, 0x00000000c3200000|  0%| F|  |TAMS 0x00000000c3100000, 0x00000000c3100000| Untracked 
|  50|0x00000000c3200000, 0x00000000c3200000, 0x00000000c3300000|  0%| F|  |TAMS 0x00000000c3200000, 0x00000000c3200000| Untracked 
|  51|0x00000000c3300000, 0x00000000c3300000, 0x00000000c3400000|  0%| F|  |TAMS 0x00000000c3300000, 0x00000000c3300000| Untracked 
|  52|0x00000000c3400000, 0x00000000c3400000, 0x00000000c3500000|  0%| F|  |TAMS 0x00000000c3400000, 0x00000000c3400000| Untracked 
|  53|0x00000000c3500000, 0x00000000c3500000, 0x00000000c3600000|  0%| F|  |TAMS 0x00000000c3500000, 0x00000000c3500000| Untracked 
|  54|0x00000000c3600000, 0x00000000c3600000, 0x00000000c3700000|  0%| F|  |TAMS 0x00000000c3600000, 0x00000000c3600000| Untracked 
|  55|0x00000000c3700000, 0x00000000c3700000, 0x00000000c3800000|  0%| F|  |TAMS 0x00000000c3700000, 0x00000000c3700000| Untracked 
|  56|0x00000000c3800000, 0x00000000c3800000, 0x00000000c3900000|  0%| F|  |TAMS 0x00000000c3800000, 0x00000000c3800000| Untracked 
|  57|0x00000000c3900000, 0x00000000c3900000, 0x00000000c3a00000|  0%| F|  |TAMS 0x00000000c3900000, 0x00000000c3900000| Untracked 
|  58|0x00000000c3a00000, 0x00000000c3a00000, 0x00000000c3b00000|  0%| F|  |TAMS 0x00000000c3a00000, 0x00000000c3a00000| Untracked 
|  59|0x00000000c3b00000, 0x00000000c3b00000, 0x00000000c3c00000|  0%| F|  |TAMS 0x00000000c3b00000, 0x00000000c3b00000| Untracked 
|  60|0x00000000c3c00000, 0x00000000c3c00000, 0x00000000c3d00000|  0%| F|  |TAMS 0x00000000c3c00000, 0x00000000c3c00000| Untracked 
|  61|0x00000000c3d00000, 0x00000000c3d00000, 0x00000000c3e00000|  0%| F|  |TAMS 0x00000000c3d00000, 0x00000000c3d00000| Untracked 
|  62|0x00000000c3e00000, 0x00000000c3e00000, 0x00000000c3f00000|  0%| F|  |TAMS 0x00000000c3e00000, 0x00000000c3e00000| Untracked 
|  63|0x00000000c3f00000, 0x00000000c3f00000, 0x00000000c4000000|  0%| F|  |TAMS 0x00000000c3f00000, 0x00000000c3f00000| Untracked 
|  64|0x00000000c4000000, 0x00000000c4000000, 0x00000000c4100000|  0%| F|  |TAMS 0x00000000c4000000, 0x00000000c4000000| Untracked 
|  65|0x00000000c4100000, 0x00000000c4100000, 0x00000000c4200000|  0%| F|  |TAMS 0x00000000c4100000, 0x00000000c4100000| Untracked 
|  66|0x00000000c4200000, 0x00000000c4200000, 0x00000000c4300000|  0%| F|  |TAMS 0x00000000c4200000, 0x00000000c4200000| Untracked 
|  67|0x00000000c4300000, 0x00000000c4300000, 0x00000000c4400000|  0%| F|  |TAMS 0x00000000c4300000, 0x00000000c4300000| Untracked 
|  68|0x00000000c4400000, 0x00000000c4400000, 0x00000000c4500000|  0%| F|  |TAMS 0x00000000c4400000, 0x00000000c4400000| Untracked 
|  69|0x00000000c4500000, 0x00000000c4500000, 0x00000000c4600000|  0%| F|  |TAMS 0x00000000c4500000, 0x00000000c4500000| Untracked 
| 210|0x00000000cd200000, 0x00000000cd200000, 0x00000000cd300000|  0%| F|  |TAMS 0x00000000cd200000, 0x00000000cd200000| Untracked 
| 211|0x00000000cd300000, 0x00000000cd300000, 0x00000000cd400000|  0%| F|  |TAMS 0x00000000cd300000, 0x00000000cd300000| Untracked 
| 212|0x00000000cd400000, 0x00000000cd400000, 0x00000000cd500000|  0%| F|  |TAMS 0x00000000cd400000, 0x00000000cd400000| Untracked 
| 213|0x00000000cd500000, 0x00000000cd500000, 0x00000000cd600000|  0%| F|  |TAMS 0x00000000cd500000, 0x00000000cd500000| Untracked 
| 214|0x00000000cd600000, 0x00000000cd600000, 0x00000000cd700000|  0%| F|  |TAMS 0x00000000cd600000, 0x00000000cd600000| Untracked 
| 250|0x00000000cfa00000, 0x00000000cfa00000, 0x00000000cfb00000|  0%| F|  |TAMS 0x00000000cfa00000, 0x00000000cfa00000| Untracked 
| 251|0x00000000cfb00000, 0x00000000cfb05b08, 0x00000000cfc00000|  2%| E|  |TAMS 0x00000000cfb00000, 0x00000000cfb00000| Complete 

Card table byte_map: [0x0000022b11480000,0x0000022b11680000] _byte_map_base: 0x0000022b10e80000

Marking Bits (Prev, Next): (CMBitMap*) 0x0000022b0aa851f0, (CMBitMap*) 0x0000022b0aa851b0
 Prev Bits: [0x0000022b12880000, 0x0000022b13880000)
 Next Bits: [0x0000022b11880000, 0x0000022b12880000)

Polling page: 0x0000022b085d0000

Metaspace:

Usage:
  Non-class:     54.10 MB used.
      Class:      7.55 MB used.
       Both:     61.65 MB used.

Virtual space:
  Non-class space:       64.00 MB reserved,      54.31 MB ( 85%) committed,  1 nodes.
      Class space:        1.00 GB reserved,       7.75 MB ( <1%) committed,  1 nodes.
             Both:        1.06 GB reserved,      62.06 MB (  6%) committed. 

Chunk freelists:
   Non-Class:  9.54 MB
       Class:  8.23 MB
        Both:  17.77 MB

MaxMetaspaceSize: unlimited
CompressedClassSpaceSize: 1.00 GB
Initial GC threshold: 21.00 MB
Current GC threshold: 103.44 MB
CDS: off
MetaspaceReclaimPolicy: balanced
 - commit_granule_bytes: 65536.
 - commit_granule_words: 8192.
 - virtual_space_node_default_size: 8388608.
 - enlarge_chunks_in_place: 1.
 - new_chunks_are_fully_committed: 0.
 - uncommit_free_chunks: 1.
 - use_allocation_guard: 0.
 - handle_deallocations: 1.


Internal statistics:

num_allocs_failed_limit: 6.
num_arena_births: 868.
num_arena_deaths: 368.
num_vsnodes_births: 2.
num_vsnodes_deaths: 0.
num_space_committed: 992.
num_space_uncommitted: 0.
num_chunks_returned_to_freelist: 445.
num_chunks_taken_from_freelist: 3050.
num_chunk_merges: 158.
num_chunk_splits: 1983.
num_chunks_enlarged: 1474.
num_inconsistent_stats: 0.

CodeCache: size=49152Kb used=13018Kb max_used=14903Kb free=36133Kb
 bounds [0x0000022b0d6d0000, 0x0000022b0e570000, 0x0000022b106d0000]
 total_blobs=7876 nmethods=7195 adapters=608
 compilation: enabled
              stopped_count=0, restarted_count=0
 full_count=0

Compilation events (20 events):
Event: 29172.541 Thread 0x0000022b1c099000 7190       1       org.springframework.ide.vscode.commons.languageserver.composable.CompositeLanguageServerComponents$5::lambda$handle$1 (5 bytes)
Event: 29172.541 Thread 0x0000022b16f248f0 7188       1       org.springframework.ide.vscode.commons.languageserver.composable.CompositeLanguageServerComponents$5::lambda$handle$0 (7 bytes)
Event: 29172.541 Thread 0x0000022b16f248f0 nmethod 7188 0x0000022b0e48b610 code [0x0000022b0e48b7a0, 0x0000022b0e48b868]
Event: 29172.541 Thread 0x0000022b1c099520 nmethod 7187 0x0000022b0e48b290 code [0x0000022b0e48b420, 0x0000022b0e48b548]
Event: 29172.541 Thread 0x0000022b1c098ae0 nmethod 7189 0x0000022b0e48af10 code [0x0000022b0e48b0a0, 0x0000022b0e48b1b8]
Event: 29172.541 Thread 0x0000022b1c099000 nmethod 7190 0x0000022b0e48ac10 code [0x0000022b0e48ada0, 0x0000022b0e48ae58]
Event: 29213.606 Thread 0x0000022b16f248f0 7191       1       java.lang.ThreadGroup::getMaxPriority (5 bytes)
Event: 29213.606 Thread 0x0000022b16f248f0 nmethod 7191 0x0000022b0e48a910 code [0x0000022b0e48aaa0, 0x0000022b0e48ab78]
Event: 29894.348 Thread 0x0000022b16f248f0 7192   !   1       java.time.format.DateTimeFormatterBuilder$CompositePrinterParser::format (116 bytes)
Event: 29894.349 Thread 0x0000022b16f248f0 nmethod 7192 0x0000022b0e48a290 code [0x0000022b0e48a440, 0x0000022b0e48a6d8]
Event: 29978.010 Thread 0x0000022b16f248f0 7193       1       org.eclipse.lsp4j.jsonrpc.json.adapters.JsonElementTypeAdapter::write (48 bytes)
Event: 29978.014 Thread 0x0000022b16f248f0 nmethod 7193 0x0000022b0e489d10 code [0x0000022b0e489ee0, 0x0000022b0e48a108]
Event: 29978.014 Thread 0x0000022b16f248f0 7194       1       org.eclipse.lsp4j.WorkDoneProgressAndPartialResultParams::<init> (5 bytes)
Event: 29978.014 Thread 0x0000022b16f248f0 nmethod 7194 0x0000022b0e489a10 code [0x0000022b0e489ba0, 0x0000022b0e489c58]
Event: 65078.742 Thread 0x0000022b16f248f0 7195       1       java.lang.AbstractStringBuilder::inflate (42 bytes)
Event: 65078.742 Thread 0x0000022b16f248f0 nmethod 7195 0x0000022b0e489590 code [0x0000022b0e489740, 0x0000022b0e489918]
Event: 65078.746 Thread 0x0000022b16f248f0 7196       1       sun.nio.cs.StringUTF16::getChar (23 bytes)
Event: 65078.746 Thread 0x0000022b16f248f0 nmethod 7196 0x0000022b0e489290 code [0x0000022b0e489420, 0x0000022b0e4894f8]
Event: 65078.746 Thread 0x0000022b16f248f0 7197       1       sun.nio.cs.DoubleByte$Encoder::encodeChar (21 bytes)
Event: 65078.746 Thread 0x0000022b16f248f0 nmethod 7197 0x0000022b0e488e90 code [0x0000022b0e489020, 0x0000022b0e489158]

GC Heap History (20 events):
Event: 66375.293 GC heap after
{Heap after GC invocations=6318 (full 6303):
 garbage-first heap   total 78848K, used 38299K [0x00000000c0000000, 0x0000000100000000)
  region size 1024K, 0 young (0K), 0 survivors (0K)
 Metaspace       used 63130K, committed 63552K, reserved 1114112K
  class space    used 7735K, committed 7936K, reserved 1048576K
}
Event: 66385.394 GC heap before
{Heap before GC invocations=6318 (full 6303):
 garbage-first heap   total 78848K, used 38299K [0x00000000c0000000, 0x0000000100000000)
  region size 1024K, 1 young (1024K), 0 survivors (0K)
 Metaspace       used 63130K, committed 63552K, reserved 1114112K
  class space    used 7735K, committed 7936K, reserved 1048576K
}
Event: 66385.409 GC heap after
{Heap after GC invocations=6319 (full 6304):
 garbage-first heap   total 78848K, used 38299K [0x00000000c0000000, 0x0000000100000000)
  region size 1024K, 0 young (0K), 0 survivors (0K)
 Metaspace       used 63130K, committed 63552K, reserved 1114112K
  class space    used 7735K, committed 7936K, reserved 1048576K
}
Event: 66395.506 GC heap before
{Heap before GC invocations=6319 (full 6304):
 garbage-first heap   total 78848K, used 38299K [0x00000000c0000000, 0x0000000100000000)
  region size 1024K, 1 young (1024K), 0 survivors (0K)
 Metaspace       used 63130K, committed 63552K, reserved 1114112K
  class space    used 7735K, committed 7936K, reserved 1048576K
}
Event: 66395.522 GC heap after
{Heap after GC invocations=6320 (full 6305):
 garbage-first heap   total 78848K, used 38299K [0x00000000c0000000, 0x0000000100000000)
  region size 1024K, 0 young (0K), 0 survivors (0K)
 Metaspace       used 63130K, committed 63552K, reserved 1114112K
  class space    used 7735K, committed 7936K, reserved 1048576K
}
Event: 66405.635 GC heap before
{Heap before GC invocations=6320 (full 6305):
 garbage-first heap   total 78848K, used 38299K [0x00000000c0000000, 0x0000000100000000)
  region size 1024K, 1 young (1024K), 0 survivors (0K)
 Metaspace       used 63130K, committed 63552K, reserved 1114112K
  class space    used 7735K, committed 7936K, reserved 1048576K
}
Event: 66405.651 GC heap after
{Heap after GC invocations=6321 (full 6306):
 garbage-first heap   total 78848K, used 38299K [0x00000000c0000000, 0x0000000100000000)
  region size 1024K, 0 young (0K), 0 survivors (0K)
 Metaspace       used 63130K, committed 63552K, reserved 1114112K
  class space    used 7735K, committed 7936K, reserved 1048576K
}
Event: 66415.760 GC heap before
{Heap before GC invocations=6321 (full 6306):
 garbage-first heap   total 78848K, used 38299K [0x00000000c0000000, 0x0000000100000000)
  region size 1024K, 1 young (1024K), 0 survivors (0K)
 Metaspace       used 63130K, committed 63552K, reserved 1114112K
  class space    used 7735K, committed 7936K, reserved 1048576K
}
Event: 66415.776 GC heap after
{Heap after GC invocations=6322 (full 6307):
 garbage-first heap   total 78848K, used 38299K [0x00000000c0000000, 0x0000000100000000)
  region size 1024K, 0 young (0K), 0 survivors (0K)
 Metaspace       used 63130K, committed 63552K, reserved 1114112K
  class space    used 7735K, committed 7936K, reserved 1048576K
}
Event: 66425.868 GC heap before
{Heap before GC invocations=6322 (full 6307):
 garbage-first heap   total 78848K, used 38299K [0x00000000c0000000, 0x0000000100000000)
  region size 1024K, 1 young (1024K), 0 survivors (0K)
 Metaspace       used 63130K, committed 63552K, reserved 1114112K
  class space    used 7735K, committed 7936K, reserved 1048576K
}
Event: 66425.885 GC heap after
{Heap after GC invocations=6323 (full 6308):
 garbage-first heap   total 78848K, used 38299K [0x00000000c0000000, 0x0000000100000000)
  region size 1024K, 0 young (0K), 0 survivors (0K)
 Metaspace       used 63130K, committed 63552K, reserved 1114112K
  class space    used 7735K, committed 7936K, reserved 1048576K
}
Event: 66435.987 GC heap before
{Heap before GC invocations=6323 (full 6308):
 garbage-first heap   total 78848K, used 38299K [0x00000000c0000000, 0x0000000100000000)
  region size 1024K, 1 young (1024K), 0 survivors (0K)
 Metaspace       used 63130K, committed 63552K, reserved 1114112K
  class space    used 7735K, committed 7936K, reserved 1048576K
}
Event: 66436.003 GC heap after
{Heap after GC invocations=6324 (full 6309):
 garbage-first heap   total 78848K, used 38299K [0x00000000c0000000, 0x0000000100000000)
  region size 1024K, 0 young (0K), 0 survivors (0K)
 Metaspace       used 63130K, committed 63552K, reserved 1114112K
  class space    used 7735K, committed 7936K, reserved 1048576K
}
Event: 66446.109 GC heap before
{Heap before GC invocations=6324 (full 6309):
 garbage-first heap   total 78848K, used 38299K [0x00000000c0000000, 0x0000000100000000)
  region size 1024K, 1 young (1024K), 0 survivors (0K)
 Metaspace       used 63130K, committed 63552K, reserved 1114112K
  class space    used 7735K, committed 7936K, reserved 1048576K
}
Event: 66446.125 GC heap after
{Heap after GC invocations=6325 (full 6310):
 garbage-first heap   total 78848K, used 38299K [0x00000000c0000000, 0x0000000100000000)
  region size 1024K, 0 young (0K), 0 survivors (0K)
 Metaspace       used 63130K, committed 63552K, reserved 1114112K
  class space    used 7735K, committed 7936K, reserved 1048576K
}
Event: 66456.236 GC heap before
{Heap before GC invocations=6325 (full 6310):
 garbage-first heap   total 78848K, used 38299K [0x00000000c0000000, 0x0000000100000000)
  region size 1024K, 1 young (1024K), 0 survivors (0K)
 Metaspace       used 63130K, committed 63552K, reserved 1114112K
  class space    used 7735K, committed 7936K, reserved 1048576K
}
Event: 66456.252 GC heap after
{Heap after GC invocations=6326 (full 6311):
 garbage-first heap   total 78848K, used 38299K [0x00000000c0000000, 0x0000000100000000)
  region size 1024K, 0 young (0K), 0 survivors (0K)
 Metaspace       used 63130K, committed 63552K, reserved 1114112K
  class space    used 7735K, committed 7936K, reserved 1048576K
}
Event: 66466.374 GC heap before
{Heap before GC invocations=6326 (full 6311):
 garbage-first heap   total 78848K, used 38299K [0x00000000c0000000, 0x0000000100000000)
  region size 1024K, 1 young (1024K), 0 survivors (0K)
 Metaspace       used 63130K, committed 63552K, reserved 1114112K
  class space    used 7735K, committed 7936K, reserved 1048576K
}
Event: 66466.390 GC heap after
{Heap after GC invocations=6327 (full 6312):
 garbage-first heap   total 78848K, used 38299K [0x00000000c0000000, 0x0000000100000000)
  region size 1024K, 0 young (0K), 0 survivors (0K)
 Metaspace       used 63130K, committed 63552K, reserved 1114112K
  class space    used 7735K, committed 7936K, reserved 1048576K
}
Event: 66476.494 GC heap before
{Heap before GC invocations=6327 (full 6312):
 garbage-first heap   total 78848K, used 38299K [0x00000000c0000000, 0x0000000100000000)
  region size 1024K, 1 young (1024K), 0 survivors (0K)
 Metaspace       used 63130K, committed 63552K, reserved 1114112K
  class space    used 7735K, committed 7936K, reserved 1048576K
}

Dll operation events (10 events):
Event: 0.009 Loaded shared library c:\Users\a\.vscode\extensions\redhat.java-1.34.0-win32-x64\jre\17.0.12-win32-x86_64\bin\java.dll
Event: 0.160 Loaded shared library C:\Users\a\.vscode\extensions\redhat.java-1.34.0-win32-x64\jre\17.0.12-win32-x86_64\bin\net.dll
Event: 0.162 Loaded shared library C:\Users\a\.vscode\extensions\redhat.java-1.34.0-win32-x64\jre\17.0.12-win32-x86_64\bin\nio.dll
Event: 0.531 Loaded shared library C:\Users\a\.vscode\extensions\redhat.java-1.34.0-win32-x64\jre\17.0.12-win32-x86_64\bin\zip.dll
Event: 5.604 Loaded shared library C:\Users\a\.vscode\extensions\redhat.java-1.34.0-win32-x64\jre\17.0.12-win32-x86_64\bin\jimage.dll
Event: 6.284 Loaded shared library c:\Users\a\.vscode\extensions\redhat.java-1.34.0-win32-x64\jre\17.0.12-win32-x86_64\bin\verify.dll
Event: 8.664 Loaded shared library C:\Users\a\.vscode\extensions\redhat.java-1.34.0-win32-x64\jre\17.0.12-win32-x86_64\bin\management.dll
Event: 8.677 Loaded shared library C:\Users\a\.vscode\extensions\redhat.java-1.34.0-win32-x64\jre\17.0.12-win32-x86_64\bin\management_ext.dll
Event: 9.496 Loaded shared library C:\Users\a\.vscode\extensions\redhat.java-1.34.0-win32-x64\jre\17.0.12-win32-x86_64\bin\sunmscapi.dll
Event: 9.632 Loaded shared library C:\Users\a\.vscode\extensions\redhat.java-1.34.0-win32-x64\jre\17.0.12-win32-x86_64\bin\extnet.dll

Deoptimization events (20 events):
Event: 8.908 Thread 0x0000022b1ceb9070 DEOPT PACKING pc=0x0000022b0dee7c81 sp=0x0000005b75bfe020
Event: 8.908 Thread 0x0000022b1ceb9070 DEOPT UNPACKING pc=0x0000022b0d727143 sp=0x0000005b75bfd4b0 mode 3
Event: 8.908 Thread 0x0000022b1ceacd50 DEOPT PACKING pc=0x0000022b0dec5a17 sp=0x0000005b75ffedd0
Event: 8.908 Thread 0x0000022b1ceacd50 DEOPT UNPACKING pc=0x0000022b0d727143 sp=0x0000005b75ffe228 mode 3
Event: 9.539 Thread 0x0000022b1cea95a0 DEOPT PACKING pc=0x0000022b0d9d868c sp=0x0000005b761fac70
Event: 9.539 Thread 0x0000022b1cea95a0 DEOPT UNPACKING pc=0x0000022b0d727143 sp=0x0000005b761fa138 mode 0
Event: 67.981 Thread 0x0000022b1cf106f0 DEOPT PACKING pc=0x0000022b0dfb76d4 sp=0x0000005b75aff0b0
Event: 67.981 Thread 0x0000022b1cf106f0 DEOPT UNPACKING pc=0x0000022b0d727143 sp=0x0000005b75afe558 mode 0
Event: 4743.319 Thread 0x0000022b1c3e5a60 DEOPT PACKING pc=0x0000022b0e1288a4 sp=0x0000005b75cfee20
Event: 4743.319 Thread 0x0000022b1ceaa9e0 DEOPT PACKING pc=0x0000022b0e1288a4 sp=0x0000005b743fed50
Event: 4743.319 Thread 0x0000022b1c3e5a60 DEOPT UNPACKING pc=0x0000022b0d727143 sp=0x0000005b75cfe308 mode 0
Event: 4743.319 Thread 0x0000022b1ceaa9e0 DEOPT UNPACKING pc=0x0000022b0d727143 sp=0x0000005b743fe238 mode 0
Event: 4743.362 Thread 0x0000022b1c3e0e70 DEOPT PACKING pc=0x0000022b0e1288a4 sp=0x0000005b763fea90
Event: 4743.362 Thread 0x0000022b1c3e0e70 DEOPT UNPACKING pc=0x0000022b0d727143 sp=0x0000005b763fdf78 mode 0
Event: 4743.362 Thread 0x0000022b1cea9ab0 DEOPT PACKING pc=0x0000022b0e1288a4 sp=0x0000005b745fe5a0
Event: 4743.362 Thread 0x0000022b1c3e0e70 DEOPT PACKING pc=0x0000022b0e1288a4 sp=0x0000005b763fefd0
Event: 4743.362 Thread 0x0000022b1cea9ab0 DEOPT UNPACKING pc=0x0000022b0d727143 sp=0x0000005b745fda88 mode 0
Event: 4743.362 Thread 0x0000022b1c3e0e70 DEOPT UNPACKING pc=0x0000022b0d727143 sp=0x0000005b763fe4b8 mode 0
Event: 4743.362 Thread 0x0000022b1cea9ab0 DEOPT PACKING pc=0x0000022b0e1288a4 sp=0x0000005b745feae0
Event: 4743.362 Thread 0x0000022b1cea9ab0 DEOPT UNPACKING pc=0x0000022b0d727143 sp=0x0000005b745fdfc8 mode 0

Classes loaded (20 events):
Event: 20932.203 Loading class sun/util/resources/BreakIteratorResourceBundle done
Event: 20932.203 Loading class sun/text/resources/BreakIteratorResources done
Event: 20932.203 Loading class sun/text/resources/BreakIteratorResources_en
Event: 20932.203 Loading class sun/text/resources/BreakIteratorResources_en done
Event: 20932.203 Loading class sun/text/resources/BreakIteratorResources_en_US
Event: 20932.203 Loading class sun/text/resources/BreakIteratorResources_en_US done
Event: 20932.204 Loading class sun/text/RuleBasedBreakIterator
Event: 20932.204 Loading class sun/text/RuleBasedBreakIterator done
Event: 20932.204 Loading class sun/text/CompactByteArray
Event: 20932.204 Loading class sun/text/CompactByteArray done
Event: 20932.204 Loading class sun/text/SupplementaryCharacterData
Event: 20932.204 Loading class sun/text/SupplementaryCharacterData done
Event: 20932.204 Loading class java/text/BreakIterator$BreakIteratorCache
Event: 20932.204 Loading class java/text/BreakIterator$BreakIteratorCache done
Event: 20932.204 Loading class java/text/StringCharacterIterator
Event: 20932.204 Loading class java/text/CharacterIterator
Event: 20932.204 Loading class java/text/CharacterIterator done
Event: 20932.204 Loading class java/text/StringCharacterIterator done
Event: 65078.743 Loading class sun/nio/cs/StringUTF16
Event: 65078.746 Loading class sun/nio/cs/StringUTF16 done

Classes unloaded (20 events):
Event: 4847.600 Thread 0x0000022b16d1fcf0 Unloading class 0x00000001006ac000 'java/lang/invoke/LambdaForm$MH+0x00000001006ac000'
Event: 21005.529 Thread 0x0000022b16d1fcf0 Unloading class 0x00000001006ac400 'java/lang/invoke/LambdaForm$MH+0x00000001006ac400'
Event: 21005.530 Thread 0x0000022b16d1fcf0 Unloading class 0x00000001006ac000 'java/lang/invoke/LambdaForm$MH+0x00000001006ac000'
Event: 21005.530 Thread 0x0000022b16d1fcf0 Unloading class 0x000000010070dc00 'java/lang/invoke/LambdaForm$MH+0x000000010070dc00'
Event: 21005.530 Thread 0x0000022b16d1fcf0 Unloading class 0x000000010070d800 'java/lang/invoke/LambdaForm$MH+0x000000010070d800'
Event: 21005.530 Thread 0x0000022b16d1fcf0 Unloading class 0x000000010070e400 'java/lang/invoke/LambdaForm$MH+0x000000010070e400'
Event: 21005.530 Thread 0x0000022b16d1fcf0 Unloading class 0x000000010070e000 'java/lang/invoke/LambdaForm$MH+0x000000010070e000'
Event: 21015.756 Thread 0x0000022b16d1fcf0 Unloading class 0x00000001007c1c00 'java/lang/invoke/LambdaForm$MH+0x00000001007c1c00'
Event: 21015.756 Thread 0x0000022b16d1fcf0 Unloading class 0x00000001007c1800 'java/lang/invoke/LambdaForm$MH+0x00000001007c1800'
Event: 21015.756 Thread 0x0000022b16d1fcf0 Unloading class 0x00000001007c1400 'java/lang/invoke/LambdaForm$MH+0x00000001007c1400'
Event: 21015.756 Thread 0x0000022b16d1fcf0 Unloading class 0x000000010070cc00 'java/lang/invoke/LambdaForm$MH+0x000000010070cc00'
Event: 21015.756 Thread 0x0000022b16d1fcf0 Unloading class 0x000000010070c800 'java/lang/invoke/LambdaForm$MH+0x000000010070c800'
Event: 21015.756 Thread 0x0000022b16d1fcf0 Unloading class 0x000000010070c400 'java/lang/invoke/LambdaForm$MH+0x000000010070c400'
Event: 21015.756 Thread 0x0000022b16d1fcf0 Unloading class 0x000000010070c000 'java/lang/invoke/LambdaForm$MH+0x000000010070c000'
Event: 21015.756 Thread 0x0000022b16d1fcf0 Unloading class 0x0000000100772800 'java/lang/invoke/LambdaForm$MH+0x0000000100772800'
Event: 21015.756 Thread 0x0000022b16d1fcf0 Unloading class 0x0000000100772400 'java/lang/invoke/LambdaForm$MH+0x0000000100772400'
Event: 21015.756 Thread 0x0000022b16d1fcf0 Unloading class 0x0000000100772000 'java/lang/invoke/LambdaForm$MH+0x0000000100772000'
Event: 21015.756 Thread 0x0000022b16d1fcf0 Unloading class 0x00000001007acc00 'java/lang/invoke/LambdaForm$MH+0x00000001007acc00'
Event: 21015.756 Thread 0x0000022b16d1fcf0 Unloading class 0x00000001007ac800 'java/lang/invoke/LambdaForm$MH+0x00000001007ac800'
Event: 21015.756 Thread 0x0000022b16d1fcf0 Unloading class 0x00000001007ac400 'java/lang/invoke/LambdaForm$MH+0x00000001007ac400'

Classes redefined (0 events):
No events

Internal exceptions (20 events):
Event: 20932.169 Thread 0x0000022b1cea95a0 Exception <a 'sun/nio/fs/WindowsException'{0x00000000cfafad98}> (0x00000000cfafad98) 
thrown [s\src\hotspot\share\prims\jni.cpp, line 516]
Event: 20932.169 Thread 0x0000022b1cea95a0 Exception <a 'sun/nio/fs/WindowsException'{0x00000000cfafbda0}> (0x00000000cfafbda0) 
thrown [s\src\hotspot\share\prims\jni.cpp, line 516]
Event: 20932.169 Thread 0x0000022b1cea95a0 Exception <a 'sun/nio/fs/WindowsException'{0x00000000cfafc150}> (0x00000000cfafc150) 
thrown [s\src\hotspot\share\prims\jni.cpp, line 516]
Event: 20932.169 Thread 0x0000022b1cea95a0 Exception <a 'sun/nio/fs/WindowsException'{0x00000000cfafce78}> (0x00000000cfafce78) 
thrown [s\src\hotspot\share\prims\jni.cpp, line 516]
Event: 20932.169 Thread 0x0000022b1cea95a0 Exception <a 'sun/nio/fs/WindowsException'{0x00000000cfafd538}> (0x00000000cfafd538) 
thrown [s\src\hotspot\share\prims\jni.cpp, line 516]
Event: 20932.169 Thread 0x0000022b1cea95a0 Exception <a 'sun/nio/fs/WindowsException'{0x00000000cfafd8a8}> (0x00000000cfafd8a8) 
thrown [s\src\hotspot\share\prims\jni.cpp, line 516]
Event: 20932.169 Thread 0x0000022b1cea95a0 Exception <a 'sun/nio/fs/WindowsException'{0x00000000cfafe8b0}> (0x00000000cfafe8b0) 
thrown [s\src\hotspot\share\prims\jni.cpp, line 516]
Event: 20932.169 Thread 0x0000022b1cea95a0 Exception <a 'sun/nio/fs/WindowsException'{0x00000000cfafec60}> (0x00000000cfafec60) 
thrown [s\src\hotspot\share\prims\jni.cpp, line 516]
Event: 20932.305 Thread 0x0000022b1cea95a0 Exception <a 'sun/nio/fs/WindowsException'{0x00000000c421d478}> (0x00000000c421d478) 
thrown [s\src\hotspot\share\prims\jni.cpp, line 516]
Event: 20932.305 Thread 0x0000022b1cea95a0 Exception <a 'sun/nio/fs/WindowsException'{0x00000000c421daf8}> (0x00000000c421daf8) 
thrown [s\src\hotspot\share\prims\jni.cpp, line 516]
Event: 20932.305 Thread 0x0000022b1cea95a0 Exception <a 'sun/nio/fs/WindowsException'{0x00000000c421de48}> (0x00000000c421de48) 
thrown [s\src\hotspot\share\prims\jni.cpp, line 516]
Event: 20932.305 Thread 0x0000022b1cea95a0 Exception <a 'sun/nio/fs/WindowsException'{0x00000000c421ee18}> (0x00000000c421ee18) 
thrown [s\src\hotspot\share\prims\jni.cpp, line 516]
Event: 20932.305 Thread 0x0000022b1cea95a0 Exception <a 'sun/nio/fs/WindowsException'{0x00000000c421f1a8}> (0x00000000c421f1a8) 
thrown [s\src\hotspot\share\prims\jni.cpp, line 516]
Event: 20932.305 Thread 0x0000022b1cea95a0 Exception <a 'sun/nio/fs/WindowsException'{0x00000000c421fed0}> (0x00000000c421fed0) 
thrown [s\src\hotspot\share\prims\jni.cpp, line 516]
Event: 20932.305 Thread 0x0000022b1cea95a0 Exception <a 'sun/nio/fs/WindowsException'{0x00000000c4220590}> (0x00000000c4220590) 
thrown [s\src\hotspot\share\prims\jni.cpp, line 516]
Event: 20932.305 Thread 0x0000022b1cea95a0 Exception <a 'sun/nio/fs/WindowsException'{0x00000000c4220900}> (0x00000000c4220900) 
thrown [s\src\hotspot\share\prims\jni.cpp, line 516]
Event: 20932.305 Thread 0x0000022b1cea95a0 Exception <a 'sun/nio/fs/WindowsException'{0x00000000c4221908}> (0x00000000c4221908) 
thrown [s\src\hotspot\share\prims\jni.cpp, line 516]
Event: 20932.305 Thread 0x0000022b1cea95a0 Exception <a 'sun/nio/fs/WindowsException'{0x00000000c4221cb8}> (0x00000000c4221cb8) 
thrown [s\src\hotspot\share\prims\jni.cpp, line 516]
Event: 20935.839 Thread 0x0000022b1dbdfff0 Exception <a 'java/lang/NoSuchMethodError'{0x00000000c3f87b78}: 'java.lang.Object java.lang.invoke.DirectMethodHandle$Holder.invokeStatic(java.lang.Object, java.lang.Object, java.lang.Object, java.lang.Object, int)'> (0x00000000c3f87b78) 
thrown [s\src\hotspot\share\interpreter\linkResolver.cpp, line 759]
Event: 65078.738 Thread 0x0000022b1cf2e540 Exception <a 'java/io/IOException'{0x00000000cfb00640}: CreateProcess error=1455, 이 작업을 완료하기 위한 페이징 파일이 너무 작습니다> (0x00000000cfb00640) 
thrown [s\src\hotspot\share\prims\jni.cpp, line 535]

VM Operations (20 events):
Event: 66375.293 Executing VM operation: G1CollectFull done
Event: 66385.394 Executing VM operation: G1CollectFull
Event: 66385.409 Executing VM operation: G1CollectFull done
Event: 66395.506 Executing VM operation: G1CollectFull
Event: 66395.522 Executing VM operation: G1CollectFull done
Event: 66405.635 Executing VM operation: G1CollectFull
Event: 66405.651 Executing VM operation: G1CollectFull done
Event: 66415.760 Executing VM operation: G1CollectFull
Event: 66415.776 Executing VM operation: G1CollectFull done
Event: 66425.868 Executing VM operation: G1CollectFull
Event: 66425.885 Executing VM operation: G1CollectFull done
Event: 66435.987 Executing VM operation: G1CollectFull
Event: 66436.003 Executing VM operation: G1CollectFull done
Event: 66446.109 Executing VM operation: G1CollectFull
Event: 66446.125 Executing VM operation: G1CollectFull done
Event: 66456.236 Executing VM operation: G1CollectFull
Event: 66456.252 Executing VM operation: G1CollectFull done
Event: 66466.374 Executing VM operation: G1CollectFull
Event: 66466.390 Executing VM operation: G1CollectFull done
Event: 66476.494 Executing VM operation: G1CollectFull

Events (20 events):
Event: 29162.827 Thread 0x0000022b1dbe4be0 Thread exited: 0x0000022b1dbe4be0
Event: 29166.773 Thread 0x0000022b1dbe37a0 Thread added: 0x0000022b1dbe37a0
Event: 29166.785 Thread 0x0000022b1c098ae0 Thread added: 0x0000022b1c098ae0
Event: 29166.785 Thread 0x0000022b1c099000 Thread added: 0x0000022b1c099000
Event: 29166.785 Thread 0x0000022b1c099520 Thread added: 0x0000022b1c099520
Event: 29177.545 Thread 0x0000022b1c099000 Thread exited: 0x0000022b1c099000
Event: 29177.545 Thread 0x0000022b1c099520 Thread exited: 0x0000022b1c099520
Event: 29182.553 Thread 0x0000022b1c098ae0 Thread exited: 0x0000022b1c098ae0
Event: 29210.851 Thread 0x0000022b1dbe46d0 Thread exited: 0x0000022b1dbe46d0
Event: 29213.606 Thread 0x0000022b1dbe3cb0 Thread added: 0x0000022b1dbe3cb0
Event: 29226.806 Thread 0x0000022b1dbe37a0 Thread exited: 0x0000022b1dbe37a0
Event: 29240.996 Thread 0x0000022b1dbe1e50 Thread exited: 0x0000022b1dbe1e50
Event: 29270.863 Thread 0x0000022b1dbe0500 Thread exited: 0x0000022b1dbe0500
Event: 29273.932 Thread 0x0000022b1dbe3cb0 Thread exited: 0x0000022b1dbe3cb0
Event: 29838.920 Thread 0x0000022b1dbe41c0 Thread added: 0x0000022b1dbe41c0
Event: 30066.966 Thread 0x0000022b1dbe41c0 Thread exited: 0x0000022b1dbe41c0
Event: 30577.895 Thread 0x0000022b1dbe6a40 Thread added: 0x0000022b1dbe6a40
Event: 30637.911 Thread 0x0000022b1dbe6a40 Thread exited: 0x0000022b1dbe6a40
Event: 30644.868 Thread 0x0000022b1dbe1430 Thread added: 0x0000022b1dbe1430
Event: 30704.879 Thread 0x0000022b1dbe1430 Thread exited: 0x0000022b1dbe1430


Dynamic libraries:
0x00007ff67df40000 - 0x00007ff67df4e000 	c:\Users\a\.vscode\extensions\redhat.java-1.34.0-win32-x64\jre\17.0.12-win32-x86_64\bin\java.exe
0x00007ffd1ff30000 - 0x00007ffd20147000 	C:\WINDOWS\SYSTEM32\ntdll.dll
0x00007ffd1e6f0000 - 0x00007ffd1e7b4000 	C:\WINDOWS\System32\KERNEL32.DLL
0x00007ffd1d250000 - 0x00007ffd1d5fd000 	C:\WINDOWS\System32\KERNELBASE.dll
0x00007ffd1d600000 - 0x00007ffd1d711000 	C:\WINDOWS\System32\ucrtbase.dll
0x00007ffd0d370000 - 0x00007ffd0d387000 	c:\Users\a\.vscode\extensions\redhat.java-1.34.0-win32-x64\jre\17.0.12-win32-x86_64\bin\jli.dll
0x00007ffd09300000 - 0x00007ffd0931b000 	c:\Users\a\.vscode\extensions\redhat.java-1.34.0-win32-x64\jre\17.0.12-win32-x86_64\bin\VCRUNTIME140.dll
0x00007ffd1f260000 - 0x00007ffd1f40e000 	C:\WINDOWS\System32\USER32.dll
0x00007ffd1dc30000 - 0x00007ffd1dc56000 	C:\WINDOWS\System32\win32u.dll
0x00007ffd1e510000 - 0x00007ffd1e539000 	C:\WINDOWS\System32\GDI32.dll
0x00007ffd1d720000 - 0x00007ffd1d839000 	C:\WINDOWS\System32\gdi32full.dll
0x00007ffcfc160000 - 0x00007ffcfc3f3000 	C:\WINDOWS\WinSxS\amd64_microsoft.windows.common-controls_6595b64144ccf1df_6.0.22621.3672_none_2713b9d173822955\COMCTL32.dll
0x00007ffd1da20000 - 0x00007ffd1daba000 	C:\WINDOWS\System32\msvcp_win.dll
0x00007ffd1e330000 - 0x00007ffd1e3d7000 	C:\WINDOWS\System32\msvcrt.dll
0x00007ffd1f5a0000 - 0x00007ffd1f5d1000 	C:\WINDOWS\System32\IMM32.DLL
0x00007ffd18900000 - 0x00007ffd1890c000 	c:\Users\a\.vscode\extensions\redhat.java-1.34.0-win32-x64\jre\17.0.12-win32-x86_64\bin\vcruntime140_1.dll
0x00007ffcdda70000 - 0x00007ffcddafd000 	c:\Users\a\.vscode\extensions\redhat.java-1.34.0-win32-x64\jre\17.0.12-win32-x86_64\bin\msvcp140.dll
0x00007ffc5feb0000 - 0x00007ffc60b1a000 	c:\Users\a\.vscode\extensions\redhat.java-1.34.0-win32-x64\jre\17.0.12-win32-x86_64\bin\server\jvm.dll
0x00007ffd1f490000 - 0x00007ffd1f542000 	C:\WINDOWS\System32\ADVAPI32.dll
0x00007ffd1e270000 - 0x00007ffd1e319000 	C:\WINDOWS\System32\sechost.dll
0x00007ffd1d840000 - 0x00007ffd1d868000 	C:\WINDOWS\System32\bcrypt.dll
0x00007ffd1ecc0000 - 0x00007ffd1edd4000 	C:\WINDOWS\System32\RPCRT4.dll
0x00007ffd1e7c0000 - 0x00007ffd1e831000 	C:\WINDOWS\System32\WS2_32.dll
0x00007ffd1c430000 - 0x00007ffd1c47d000 	C:\WINDOWS\SYSTEM32\POWRPROF.dll
0x00007ffd16280000 - 0x00007ffd1628a000 	C:\WINDOWS\SYSTEM32\VERSION.dll
0x00007ffd0e930000 - 0x00007ffd0e964000 	C:\WINDOWS\SYSTEM32\WINMM.dll
0x00007ffd1c2e0000 - 0x00007ffd1c2f3000 	C:\WINDOWS\SYSTEM32\UMPDC.dll
0x00007ffd1c2c0000 - 0x00007ffd1c2d8000 	C:\WINDOWS\SYSTEM32\kernel.appcore.dll
0x00007ffd0e160000 - 0x00007ffd0e16a000 	c:\Users\a\.vscode\extensions\redhat.java-1.34.0-win32-x64\jre\17.0.12-win32-x86_64\bin\jimage.dll
0x00007ffd01de0000 - 0x00007ffd02012000 	C:\WINDOWS\SYSTEM32\DBGHELP.DLL
0x00007ffd1e8a0000 - 0x00007ffd1ec2d000 	C:\WINDOWS\System32\combase.dll
0x00007ffd1e190000 - 0x00007ffd1e267000 	C:\WINDOWS\System32\OLEAUT32.dll
0x00007ffd01bb0000 - 0x00007ffd01be2000 	C:\WINDOWS\SYSTEM32\dbgcore.DLL
0x00007ffd1d870000 - 0x00007ffd1d8eb000 	C:\WINDOWS\System32\bcryptPrimitives.dll
0x00007ffcdef20000 - 0x00007ffcdef45000 	c:\Users\a\.vscode\extensions\redhat.java-1.34.0-win32-x64\jre\17.0.12-win32-x86_64\bin\java.dll
0x00007ffcff490000 - 0x00007ffcff4a8000 	c:\Users\a\.vscode\extensions\redhat.java-1.34.0-win32-x64\jre\17.0.12-win32-x86_64\bin\zip.dll
0x00007ffd1f620000 - 0x00007ffd1fe88000 	C:\WINDOWS\System32\SHELL32.dll
0x00007ffd1b150000 - 0x00007ffd1ba4e000 	C:\WINDOWS\SYSTEM32\windows.storage.dll
0x00007ffd1b010000 - 0x00007ffd1b14f000 	C:\WINDOWS\SYSTEM32\wintypes.dll
0x00007ffd1f000000 - 0x00007ffd1f0f9000 	C:\WINDOWS\System32\SHCORE.dll
0x00007ffd1e840000 - 0x00007ffd1e89e000 	C:\WINDOWS\System32\shlwapi.dll
0x00007ffd1d180000 - 0x00007ffd1d1a1000 	C:\WINDOWS\SYSTEM32\profapi.dll
0x00007ffd0d700000 - 0x00007ffd0d719000 	C:\Users\a\.vscode\extensions\redhat.java-1.34.0-win32-x64\jre\17.0.12-win32-x86_64\bin\net.dll
0x00007ffd19fd0000 - 0x00007ffd1a106000 	C:\WINDOWS\SYSTEM32\WINHTTP.dll
0x00007ffd1c790000 - 0x00007ffd1c7f9000 	C:\WINDOWS\system32\mswsock.dll
0x00007ffcfed80000 - 0x00007ffcfed96000 	C:\Users\a\.vscode\extensions\redhat.java-1.34.0-win32-x64\jre\17.0.12-win32-x86_64\bin\nio.dll
0x00007ffd08600000 - 0x00007ffd08610000 	c:\Users\a\.vscode\extensions\redhat.java-1.34.0-win32-x64\jre\17.0.12-win32-x86_64\bin\verify.dll
0x00007ffd1cae0000 - 0x00007ffd1cafb000 	C:\WINDOWS\SYSTEM32\CRYPTSP.dll
0x00007ffd1c1f0000 - 0x00007ffd1c225000 	C:\WINDOWS\system32\rsaenh.dll
0x00007ffd1c830000 - 0x00007ffd1c858000 	C:\WINDOWS\SYSTEM32\USERENV.dll
0x00007ffd1cac0000 - 0x00007ffd1cacc000 	C:\WINDOWS\SYSTEM32\CRYPTBASE.dll
0x00007ffd1bcb0000 - 0x00007ffd1bcdd000 	C:\WINDOWS\SYSTEM32\IPHLPAPI.DLL
0x00007ffd1f5f0000 - 0x00007ffd1f5f9000 	C:\WINDOWS\System32\NSI.dll
0x00007ffd19f10000 - 0x00007ffd19f29000 	C:\WINDOWS\SYSTEM32\dhcpcsvc6.DLL
0x00007ffd19ec0000 - 0x00007ffd19edf000 	C:\WINDOWS\SYSTEM32\dhcpcsvc.DLL
0x00007ffd1bd20000 - 0x00007ffd1be18000 	C:\WINDOWS\SYSTEM32\DNSAPI.dll
0x00007ffd085d0000 - 0x00007ffd085d9000 	C:\Users\a\.vscode\extensions\redhat.java-1.34.0-win32-x64\jre\17.0.12-win32-x86_64\bin\management.dll
0x00007ffd01c10000 - 0x00007ffd01c1b000 	C:\Users\a\.vscode\extensions\redhat.java-1.34.0-win32-x64\jre\17.0.12-win32-x86_64\bin\management_ext.dll
0x00007ffd1e320000 - 0x00007ffd1e328000 	C:\WINDOWS\System32\PSAPI.DLL
0x00007ffd00d50000 - 0x00007ffd00d5e000 	C:\Users\a\.vscode\extensions\redhat.java-1.34.0-win32-x64\jre\17.0.12-win32-x86_64\bin\sunmscapi.dll
0x00007ffd1dac0000 - 0x00007ffd1dc27000 	C:\WINDOWS\System32\CRYPT32.dll
0x00007ffd1cc00000 - 0x00007ffd1cc2e000 	C:\WINDOWS\SYSTEM32\ncrypt.dll
0x00007ffd1cbc0000 - 0x00007ffd1cbf7000 	C:\WINDOWS\SYSTEM32\NTASN1.dll
0x00007ffd16b70000 - 0x00007ffd16b7a000 	C:\Windows\System32\rasadhlp.dll
0x00007ffd17c80000 - 0x00007ffd17d03000 	C:\WINDOWS\System32\fwpuclnt.dll
0x00007ffcff030000 - 0x00007ffcff039000 	C:\Users\a\.vscode\extensions\redhat.java-1.34.0-win32-x64\jre\17.0.12-win32-x86_64\bin\extnet.dll

dbghelp: loaded successfully - version: 4.0.5 - missing functions: none
symbol engine: initialized successfully - sym options: 0x614 - pdb path: .;c:\Users\a\.vscode\extensions\redhat.java-1.34.0-win32-x64\jre\17.0.12-win32-x86_64\bin;C:\WINDOWS\SYSTEM32;C:\WINDOWS\WinSxS\amd64_microsoft.windows.common-controls_6595b64144ccf1df_6.0.22621.3672_none_2713b9d173822955;c:\Users\a\.vscode\extensions\redhat.java-1.34.0-win32-x64\jre\17.0.12-win32-x86_64\bin\server

VM Arguments:
jvm_args: -Xmx1024m -Dsts.lsp.client=vscode -Dsts.log.file=/dev/null -XX:TieredStopAtLevel=1 -Xlog:jni+resolve=off -Dspring.config.location=file:c:\Users\a\.vscode\extensions\vmware.vscode-spring-boot-1.56.0\language-server\BOOT-INF\classes\application.properties 
java_command: org.springframework.ide.vscode.boot.app.BootLanguageServerBootApp
java_class_path (initial): c:\Users\a\.vscode\extensions\vmware.vscode-spring-boot-1.56.0\language-server\BOOT-INF\classes;c:\Users\a\.vscode\extensions\vmware.vscode-spring-boot-1.56.0\language-server\BOOT-INF\lib\annotations-24.1.0.jar;c:\Users\a\.vscode\extensions\vmware.vscode-spring-boot-1.56.0\language-server\BOOT-INF\lib\antlr4-runtime-4.13.1.jar;c:\Users\a\.vscode\extensions\vmware.vscode-spring-boot-1.56.0\language-server\BOOT-INF\lib\asm-9.7.jar;c:\Users\a\.vscode\extensions\vmware.vscode-spring-boot-1.56.0\language-server\BOOT-INF\lib\asm-analysis-9.7.jar;c:\Users\a\.vscode\extensions\vmware.vscode-spring-boot-1.56.0\language-server\BOOT-INF\lib\asm-tree-9.7.jar;c:\Users\a\.vscode\extensions\vmware.vscode-spring-boot-1.56.0\language-server\BOOT-INF\lib\asm-util-9.7.jar;c:\Users\a\.vscode\extensions\vmware.vscode-spring-boot-1.56.0\language-server\BOOT-INF\lib\caffeine-3.1.8.jar;c:\Users\a\.vscode\extensions\vmware.vscode-spring-boot-1.56.0\language-server\BOOT-INF\lib\checker-qual-3.12.0.jar;c:\Users\a\.vscode\extensions\vmware.vscode-spring-boot-1.56.0\language-server\BOOT-INF\lib\classgraph-4.8.149.jar;c:\Users\a\.vscode\extensions\vmware.vscode-spring-boot-1.56.0\language-server\BOOT-INF\lib\commons-codec-1.16.1.jar;c:\Users\a\.vscode\extensions\vmware.vscode-spring-boot-1.56.0\language-server\BOOT-INF\lib\commons-compress-1.26.2.jar;c:\Users\a\.vscode\extensions\vmware.vscode-spring-boot-1.56.0\language-server\BOOT-INF\lib\commons-io-2.16.1.jar;c:\Users\a\.vscode\extensions\vmware.vscode-spring-boot-1.56.0\language-server\BOOT-INF\lib\commons-java-1.56.0-SNAPSHOT.jar;c:\Users\a\.vscode\extensions\vmware.vscode-spring-boot-1.56.0\language-server\BOOT-INF\lib\commons-lang3-3.14.0.jar;c:\Users\a\.vscode\extensions\vmware.vscode-spring-boot-1.56.0\language-server\BOOT-INF\lib\commons-language-server-1.56.0-SNAPSHOT.jar;c:\Users\a\.vscode\extensions\vmware.vscode-spring-boot-1.56.0\language-server\BOOT-INF\lib\commons-lsp-extensions-1.56.0-SNAPSHOT.jar;c
Launcher Type: SUN_STANDARD

[Global flags]
     intx CICompilerCount                          = 12                                        {product} {ergonomic}
     uint ConcGCThreads                            = 5                                         {product} {ergonomic}
     uint G1ConcRefinementThreads                  = 18                                        {product} {ergonomic}
   size_t G1HeapRegionSize                         = 1048576                                   {product} {ergonomic}
    uintx GCDrainStackTargetSize                   = 64                                        {product} {ergonomic}
   size_t InitialHeapSize                          = 264241152                                 {product} {ergonomic}
   size_t MarkStackSize                            = 4194304                                   {product} {ergonomic}
   size_t MaxHeapSize                              = 1073741824                                {product} {command line}
   size_t MaxNewSize                               = 643825664                                 {product} {ergonomic}
   size_t MinHeapDeltaBytes                        = 1048576                                   {product} {ergonomic}
   size_t MinHeapSize                              = 8388608                                   {product} {ergonomic}
    uintx NonProfiledCodeHeapSize                  = 0                                      {pd product} {ergonomic}
     bool ProfileInterpreter                       = false                                  {pd product} {command line}
    uintx ProfiledCodeHeapSize                     = 0                                      {pd product} {ergonomic}
   size_t SoftMaxHeapSize                          = 1073741824                             {manageable} {ergonomic}
     intx TieredStopAtLevel                        = 1                                         {product} {command line}
     bool UseCompressedClassPointers               = true                           {product lp64_product} {ergonomic}
     bool UseCompressedOops                        = true                           {product lp64_product} {ergonomic}
     bool UseG1GC                                  = true                                      {product} {ergonomic}
     bool UseLargePagesIndividualAllocation        = false                                  {pd product} {ergonomic}

Logging:
Log output configuration:
 #0: stdout all=warning,jni+resolve=off uptime,level,tags
 #1: stderr all=off uptime,level,tags

Environment Variables:
JAVA_HOME=C:\Program Files\Eclipse Adoptium\jdk-17.0.10.7-hotspot\
PATH=C:\Program Files\Eclipse Adoptium\jdk-17.0.10.7-hotspot\bin;C:\WINDOWS\system32;C:\WINDOWS;C:\WINDOWS\System32\Wbem;C:\WINDOWS\System32\WindowsPowerShell\v1.0\;C:\WINDOWS\System32\OpenSSH\;C:\Program Files\Bandizip\;C:\Program Files\Git\cmd;C:\Program Files\nodejs\;C:\Program Files\Docker\Docker\resources\bin;C:\My_Study\util\apache-maven-3.9.9\bin;C:\Users\a\AppData\Local\Microsoft\WindowsApps;C:\Users\a\AppData\Local\GitHubDesktop\bin;C:\Users\a\AppData\Local\Programs\Microsoft VS Code\bin;C:\Users\a\AppData\Roaming\npm
USERNAME=a
OS=Windows_NT
PROCESSOR_IDENTIFIER=Intel64 Family 6 Model 183 Stepping 1, GenuineIntel
TMP=C:\Users\a\AppData\Local\Temp
TEMP=C:\Users\a\AppData\Local\Temp



Periodic native trim disabled


---------------  S Y S T E M  ---------------

OS:
 Windows 11 , 64 bit Build 22621 (10.0.22621.3958)
OS uptime: 2 days 18:29 hours
Hyper-V role detected

CPU: total 24 (initial active 24) (12 cores per cpu, 2 threads per core) family 6 model 183 stepping 1 microcode 0x11e, cx8, cmov, fxsr, ht, mmx, 3dnowpref, sse, sse2, sse3, ssse3, sse4.1, sse4.2, popcnt, lzcnt, tsc, tscinvbit, avx, avx2, aes, erms, clmul, bmi1, bmi2, adx, sha, fma, vzeroupper, clflush, clflushopt, clwb, hv
Processor Information for processor 0
  Max Mhz: 2100, Current Mhz: 2100, Mhz Limit: 2100
Processor Information for processor 1
  Max Mhz: 2100, Current Mhz: 2100, Mhz Limit: 2100
Processor Information for processor 2
  Max Mhz: 2100, Current Mhz: 2100, Mhz Limit: 2100
Processor Information for processor 3
  Max Mhz: 2100, Current Mhz: 2100, Mhz Limit: 2100
Processor Information for processor 4
  Max Mhz: 2100, Current Mhz: 2100, Mhz Limit: 2100
Processor Information for processor 5
  Max Mhz: 2100, Current Mhz: 2100, Mhz Limit: 2100
Processor Information for processor 6
  Max Mhz: 2100, Current Mhz: 2100, Mhz Limit: 2100
Processor Information for processor 7
  Max Mhz: 2100, Current Mhz: 2100, Mhz Limit: 2100
Processor Information for processor 8
  Max Mhz: 2100, Current Mhz: 2100, Mhz Limit: 2100
Processor Information for processor 9
  Max Mhz: 2100, Current Mhz: 2100, Mhz Limit: 2100
Processor Information for processor 10
  Max Mhz: 2100, Current Mhz: 2100, Mhz Limit: 2100
Processor Information for processor 11
  Max Mhz: 2100, Current Mhz: 2100, Mhz Limit: 2100
Processor Information for processor 12
  Max Mhz: 2100, Current Mhz: 2100, Mhz Limit: 2100
Processor Information for processor 13
  Max Mhz: 2100, Current Mhz: 2100, Mhz Limit: 2100
Processor Information for processor 14
  Max Mhz: 2100, Current Mhz: 2100, Mhz Limit: 2100
Processor Information for processor 15
  Max Mhz: 2100, Current Mhz: 2100, Mhz Limit: 2100
Processor Information for processor 16
  Max Mhz: 2100, Current Mhz: 1500, Mhz Limit: 1491
Processor Information for processor 17
  Max Mhz: 2100, Current Mhz: 1500, Mhz Limit: 1491
Processor Information for processor 18
  Max Mhz: 2100, Current Mhz: 1500, Mhz Limit: 1491
Processor Information for processor 19
  Max Mhz: 2100, Current Mhz: 1500, Mhz Limit: 1491
Processor Information for processor 20
  Max Mhz: 2100, Current Mhz: 1500, Mhz Limit: 1491
Processor Information for processor 21
  Max Mhz: 2100, Current Mhz: 1500, Mhz Limit: 1491
Processor Information for processor 22
  Max Mhz: 2100, Current Mhz: 1500, Mhz Limit: 1491
Processor Information for processor 23
  Max Mhz: 2100, Current Mhz: 1500, Mhz Limit: 1491

Memory: 4k page, system-wide physical 16068M (2216M free)
TotalPageFile size 65220M (AvailPageFile size 11M)
current process WorkingSet (physical memory assigned to process): 98M, peak: 194M
current process commit charge ("private bytes"): 277M, peak: 387M

vm_info: OpenJDK 64-Bit Server VM (17.0.12+7) for windows-amd64 JRE (17.0.12+7), built on Jul 16 2024 22:08:24 by "admin" with MS VC++ 16.10 / 16.11 (VS2019)

END.
